<?xml version="1.0" encoding="UTF-8"?>
<!-- Generated by org.testng.reporters.JUnitReportReporter -->
<testsuite skipped="0" hostname="My-PC" name="myExercise.LoginPageTest" tests="1" failures="0" timestamp="16 Mar 2022 19:34:23 GMT" time="31.455" errors="0">
  <testcase name="login" time="31.455" classname="myExercise.LoginPageTest"/>
</testsuite> <!-- myExercise.LoginPageTest -->
